<?xml version="1.0" encoding="UTF-8"?>
<testsuites time="0.603">
<testsuite name="validate-shell-scripts.bats" tests="5" failures="0" errors="0" skipped="0" time="0.320" timestamp="2026-02-12T10:15:05" hostname="runnervmwffz4">
    <testcase classname="validate-shell-scripts.bats" name="validate-shell-scripts: can find shell scripts in repository" time="0.011" />
    <testcase classname="validate-shell-scripts.bats" name="validate-shell-scripts: install.sh has valid syntax" time="0.008" />
    <testcase classname="validate-shell-scripts.bats" name="validate-shell-scripts: all .sh files have valid bash syntax" time="0.186" />
    <testcase classname="validate-shell-scripts.bats" name="validate-shell-scripts: all .sh files have valid sh syntax" time="0.090" />
    <testcase classname="validate-shell-scripts.bats" name="validate-shell-scripts: template files with chezmoi syntax are skipped" time="0.025" />

</testsuite>
<testsuite name="git-https-to-ssh.bats" tests="8" failures="0" errors="0" skipped="0" time="0.283" timestamp="2026-02-12T10:15:05" hostname="runnervmwffz4">
    <testcase classname="git-https-to-ssh.bats" name="git-https-to-ssh: help option displays usage" time="0.030" />
    <testcase classname="git-https-to-ssh.bats" name="git-https-to-ssh: short help option displays usage" time="0.029" />
    <testcase classname="git-https-to-ssh.bats" name="git-https-to-ssh: fails when not in git repo" time="0.035" />
    <testcase classname="git-https-to-ssh.bats" name="git-https-to-ssh: unknown option returns error" time="0.030" />
    <testcase classname="git-https-to-ssh.bats" name="git-https-to-ssh: fails when no origin remote exists" time="0.034" />
    <testcase classname="git-https-to-ssh.bats" name="git-https-to-ssh: exits when origin is already SSH" time="0.038" />
    <testcase classname="git-https-to-ssh.bats" name="git-https-to-ssh: converts GitHub HTTPS to SSH" time="0.044" />
    <testcase classname="git-https-to-ssh.bats" name="git-https-to-ssh: converts GitHub HTTPS without .git suffix" time="0.043" />

</testsuite>
</testsuites>
